#
# There is insufficient memory for the Java Runtime Environment to continue.
# Native memory allocation (malloc) failed to allocate 1048576 bytes for AllocateHeap
# Possible reasons:
#   The system is out of physical RAM or swap space
#   In 32 bit mode, the process size limit was hit
# Possible solutions:
#   Reduce memory load on the system
#   Increase physical memory or swap space
#   Check if swap backing store is full
#   Use 64 bit Java on a 64 bit OS
#   Decrease Java heap size (-Xmx/-Xms)
#   Decrease number of Java threads
#   Decrease Java thread stack sizes (-Xss)
#   Set larger code cache with -XX:ReservedCodeCacheSize=
# This output file may be truncated or incomplete.
#
#  Out of Memory Error (memory/allocation.inline.hpp:61), pid=2064, tid=0x0000000000000e5c
#
# JRE version:  (8.0_161-b12) (build )
# Java VM: Java HotSpot(TM) 64-Bit Server VM (25.161-b12 mixed mode windows-amd64 compressed oops)
# Failed to write core dump. Minidumps are not enabled by default on client versions of Windows
#

---------------  T H R E A D  ---------------

Current thread (0x0000000002b2e000):  JavaThread "Unknown thread" [_thread_in_vm, id=3676, stack(0x0000000002b90000,0x0000000002c90000)]

Stack: [0x0000000002b90000,0x0000000002c90000]
[error occurred during error reporting (printing stack bounds), id 0xc0000005]

Native frames: (J=compiled Java code, j=interpreted, Vv=VM code, C=native code)


---------------  P R O C E S S  ---------------

Java Threads: ( => current thread )

Other Threads:

=>0x0000000002b2e000 (exited) JavaThread "Unknown thread" [_thread_in_vm, id=3676, stack(0x0000000002b90000,0x0000000002c90000)]

VM state:not at safepoint (normal execution)

VM Mutex/Monitor currently owned by a thread: None

Heap:
 PSYoungGen      total 76288K, used 1310K [0x000000076ae00000, 0x0000000770300000, 0x00000007c0000000)
  eden space 65536K, 2% used [0x000000076ae00000,0x000000076af47af0,0x000000076ee00000)
  from space 10752K, 0% used [0x000000076f880000,0x000000076f880000,0x0000000770300000)
  to   space 10752K, 0% used [0x000000076ee00000,0x000000076ee00000,0x000000076f880000)
 ParOldGen       total 175104K, used 0K [0x00000006c0a00000, 0x00000006cb500000, 0x000000076ae00000)
  object space 175104K, 0% used [0x00000006c0a00000,0x00000006c0a00000,0x00000006cb500000)
 Metaspace       used 747K, capacity 4480K, committed 4480K, reserved 1056768K
  class space    used 75K, capacity 384K, committed 384K, reserved 1048576K

Card table byte_map: [0x0000000012150000,0x0000000012950000] byte_map_base: 0x000000000eb4b000

Marking Bits: (ParMarkBitMap*) 0x000000006338f860
 Begin Bits: [0x00000000136b0000, 0x0000000017688000)
 End Bits:   [0x0000000017688000, 0x000000001b660000)

Polling page: 0x0000000001280000

CodeCache: size=245760Kb used=328Kb max_used=328Kb free=245431Kb
 bounds [0x0000000002d90000, 0x0000000003000000, 0x0000000011d90000]
 total_blobs=58 nmethods=0 adapters=38
 compilation: enabled

Compilation events (0 events):
No events

GC Heap History (0 events):
No events

Deoptimization events (0 events):
No events

Classes redefined (0 events):
No events

Internal exceptions (0 events):
No events

Events (10 events):
Event: 0.024 loading class java/lang/Short
Event: 0.024 loading class java/lang/Short done
Event: 0.024 loading class java/lang/Integer
Event: 0.024 loading class java/lang/Integer done
Event: 0.024 loading class java/lang/Long
Event: 0.024 loading class java/lang/Long done
Event: 0.025 loading class java/lang/NullPointerException
Event: 0.025 loading class java/lang/NullPointerException done
Event: 0.025 loading class java/lang/ArithmeticException
Event: 0.025 loading class java/lang/ArithmeticException done


Dynamic libraries:
0x00007ff604fc0000 - 0x00007ff604ff7000 	C:\Program Files\Java\jre1.8.0_161\bin\javaw.exe
0x00007ffaca190000 - 0x00007ffaca371000 	C:\WINDOWS\SYSTEM32\ntdll.dll
0x00007ffabc570000 - 0x00007ffabc584000 	C:\Program Files\AVAST Software\Avast\x64\aswhooka.dll
0x00007ffac9020000 - 0x00007ffac90d2000 	C:\WINDOWS\System32\KERNEL32.DLL
0x00007ffac6980000 - 0x00007ffac6bf3000 	C:\WINDOWS\System32\KERNELBASE.dll
0x00007ffac91a0000 - 0x00007ffac9241000 	C:\WINDOWS\System32\ADVAPI32.dll
0x00007ffac8dc0000 - 0x00007ffac8e5e000 	C:\WINDOWS\System32\msvcrt.dll
0x00007ffac9250000 - 0x00007ffac92ab000 	C:\WINDOWS\System32\sechost.dll
0x00007ffac8b80000 - 0x00007ffac8ca4000 	C:\WINDOWS\System32\RPCRT4.dll
0x00007ffac98c0000 - 0x00007ffac9a50000 	C:\WINDOWS\System32\USER32.dll
0x00007ffac6770000 - 0x00007ffac6790000 	C:\WINDOWS\System32\win32u.dll
0x00007ffac9890000 - 0x00007ffac98b8000 	C:\WINDOWS\System32\GDI32.dll
0x00007ffac7430000 - 0x00007ffac75c2000 	C:\WINDOWS\System32\gdi32full.dll
0x00007ffac6c00000 - 0x00007ffac6c9f000 	C:\WINDOWS\System32\msvcp_win.dll
0x00007ffac6670000 - 0x00007ffac676a000 	C:\WINDOWS\System32\ucrtbase.dll
0x00007ffabb620000 - 0x00007ffabb889000 	C:\WINDOWS\WinSxS\amd64_microsoft.windows.common-controls_6595b64144ccf1df_6.0.17134.471_none_fb3e9aab3068fc16\COMCTL32.dll
0x00007ffac9420000 - 0x00007ffac9742000 	C:\WINDOWS\System32\combase.dll
0x00007ffac73b0000 - 0x00007ffac742a000 	C:\WINDOWS\System32\bcryptPrimitives.dll
0x00007ffac8ff0000 - 0x00007ffac901d000 	C:\WINDOWS\System32\IMM32.DLL
0x0000000062970000 - 0x0000000062a42000 	C:\Program Files\Java\jre1.8.0_161\bin\msvcr100.dll
0x0000000062b70000 - 0x000000006340f000 	C:\Program Files\Java\jre1.8.0_161\bin\server\jvm.dll
0x00007ffac9750000 - 0x00007ffac9758000 	C:\WINDOWS\System32\PSAPI.DLL
0x00007ffac2e70000 - 0x00007ffac2e79000 	C:\WINDOWS\SYSTEM32\WSOCK32.dll
0x00007ffaca0f0000 - 0x00007ffaca15c000 	C:\WINDOWS\System32\WS2_32.dll
0x00007ffac41f0000 - 0x00007ffac4213000 	C:\WINDOWS\SYSTEM32\WINMM.dll
0x00007ffac1330000 - 0x00007ffac133a000 	C:\WINDOWS\SYSTEM32\VERSION.dll
0x00007ffac41c0000 - 0x00007ffac41ea000 	C:\WINDOWS\SYSTEM32\WINMMBASE.dll
0x00007ffac75d0000 - 0x00007ffac7619000 	C:\WINDOWS\System32\cfgmgr32.dll
0x00000000634d0000 - 0x00000000634df000 	C:\Program Files\Java\jre1.8.0_161\bin\verify.dll
0x00000000634a0000 - 0x00000000634c9000 	C:\Program Files\Java\jre1.8.0_161\bin\java.dll
0x0000000063480000 - 0x0000000063496000 	C:\Program Files\Java\jre1.8.0_161\bin\zip.dll

VM Arguments:
jvm_args: -Dfile.encoding=Cp1252 
java_command: presentacion.VentanaPrincipal
java_class_path (initial): C:\Program Files\Java\jre1.8.0_161\lib\resources.jar;C:\Program Files\Java\jre1.8.0_161\lib\rt.jar;C:\Program Files\Java\jre1.8.0_161\lib\jsse.jar;C:\Program Files\Java\jre1.8.0_161\lib\jce.jar;C:\Program Files\Java\jre1.8.0_161\lib\charsets.jar;C:\Program Files\Java\jre1.8.0_161\lib\jfr.jar;C:\Program Files\Java\jre1.8.0_161\lib\ext\access-bridge-64.jar;C:\Program Files\Java\jre1.8.0_161\lib\ext\cldrdata.jar;C:\Program Files\Java\jre1.8.0_161\lib\ext\dnsns.jar;C:\Program Files\Java\jre1.8.0_161\lib\ext\jaccess.jar;C:\Program Files\Java\jre1.8.0_161\lib\ext\jfxrt.jar;C:\Program Files\Java\jre1.8.0_161\lib\ext\localedata.jar;C:\Program Files\Java\jre1.8.0_161\lib\ext\nashorn.jar;C:\Program Files\Java\jre1.8.0_161\lib\ext\sunec.jar;C:\Program Files\Java\jre1.8.0_161\lib\ext\sunjce_provider.jar;C:\Program Files\Java\jre1.8.0_161\lib\ext\sunmscapi.jar;C:\Program Files\Java\jre1.8.0_161\lib\ext\sunpkcs11.jar;C:\Program Files\Java\jre1.8.0_161\lib\ext\zipfs.jar;C:\Users\Soler\Desktop\ENERO 19\ipo\TPV\bin
Launcher Type: SUN_STANDARD

Environment Variables:
PATH=C:/Program Files/Java/jre1.8.0_161/bin/server;C:/Program Files/Java/jre1.8.0_161/bin;C:/Program Files/Java/jre1.8.0_161/lib/amd64;C:\ProgramData\Oracle\Java\javapath;C:\Windows\system32;C:\Windows;C:\Windows\System32\Wbem;C:\Windows\System32\WindowsPowerShell\v1.0\;C:\Program Files (x86)\NVIDIA Corporation\PhysX\Common;C:\WINDOWS\system32;C:\WINDOWS;C:\WINDOWS\System32\Wbem;C:\WINDOWS\System32\WindowsPowerShell\v1.0\;C:\WINDOWS\System32\OpenSSH\;B:\ADA\gnat\bin;C:\Users\Soler\AppData\Local\Microsoft\WindowsApps;;C:\WINDOWS\system32;
USERNAME=Soler
OS=Windows_NT
PROCESSOR_IDENTIFIER=Intel64 Family 6 Model 94 Stepping 3, GenuineIntel



---------------  S Y S T E M  ---------------

OS: Windows 10.0 , 64 bit Build 17134 (10.0.17134.1)

CPU:total 8 (initial active 8) (4 cores per cpu, 2 threads per core) family 6 model 94 stepping 3, cmov, cx8, fxsr, mmx, sse, sse2, sse3, ssse3, sse4.1, sse4.2, popcnt, avx, avx2, aes, clmul, erms, rtm, 3dnowpref, lzcnt, ht, tsc, tscinvbit, bmi1, bmi2, adx

Memory: 4k page, physical 16732288k(9174564k free), swap 32297364k(8664k free)

vm_info: Java HotSpot(TM) 64-Bit Server VM (25.161-b12) for windows-amd64 JRE (1.8.0_161-b12), built on Dec 19 2017 17:52:25 by "java_re" with MS VC++ 10.0 (VS2010)

time: Tue Jan 08 22:44:30 2019
elapsed time: 0 seconds (0d 0h 0m 0s)

